  ActionContainer.cpp
C:\Users\Gebruiker\Documents\GitHub\include\include\graphics.h(128,26): warning C4244: 'argument': conversion from 'cfp' to 'cbyte', possible loss of data
C:\Users\Gebruiker\Documents\GitHub\include\include\hsf.h(32,21): warning C4018: '<': signed/unsigned mismatch
C:\Users\Gebruiker\Documents\GitHub\include\include\function.h(54,21): warning C4018: '<': signed/unsigned mismatch
C:\Users\Gebruiker\Documents\GitHub\WorldCraft\v4.2\Part 6\WorldConstants.h(503,2): warning C4091: 'static ': ignored on left of 'world' when no variable is declared
C:\Users\Gebruiker\Documents\GitHub\WorldCraft\v4.2\Part 6\WorldConstants.h(372,7): warning C4101: 'total': unreferenced local variable
  Chunk.cpp
C:\Users\Gebruiker\Documents\GitHub\WorldCraft\v4.2\Part 6\WorldConstants.h(280,8): warning C4101: 'power': unreferenced local variable
C:\Users\Gebruiker\Documents\GitHub\include\include\graphics.h(128,26): warning C4244: 'argument': conversion from 'cfp' to 'cbyte', possible loss of data
C:\Users\Gebruiker\Documents\GitHub\include\include\hsf.h(32,21): warning C4018: '<': signed/unsigned mismatch
C:\Users\Gebruiker\Documents\GitHub\include\include\function.h(54,21): warning C4018: '<': signed/unsigned mismatch
C:\Users\Gebruiker\Documents\GitHub\WorldCraft\v4.2\Part 6\WorldConstants.h(503,2): warning C4091: 'static ': ignored on left of 'world' when no variable is declared
C:\Users\Gebruiker\Documents\GitHub\WorldCraft\v4.2\Part 6\WorldConstants.h(372,7): warning C4101: 'total': unreferenced local variable
C:\Users\Gebruiker\Documents\GitHub\WorldCraft\v4.2\Part 6\WorldConstants.h(280,8): warning C4101: 'power': unreferenced local variable
C:\Users\Gebruiker\Documents\GitHub\WorldCraft\v4.2\Part 6\Chunk.cpp(164,15): warning C4244: 'initializing': conversion from 'fp' to 'int', possible loss of data
C:\Users\Gebruiker\Documents\GitHub\WorldCraft\v4.2\Part 6\Chunk.cpp(419,24): warning C4244: 'initializing': conversion from 'double' to 'int', possible loss of data
C:\Users\Gebruiker\Documents\GitHub\WorldCraft\v4.2\Part 6\Chunk.cpp(419,17): warning C4244: 'initializing': conversion from 'double' to 'const int', possible loss of data
C:\Users\Gebruiker\Documents\GitHub\WorldCraft\v4.2\Part 6\Chunk.cpp(420,24): warning C4244: 'initializing': conversion from 'double' to 'int', possible loss of data
C:\Users\Gebruiker\Documents\GitHub\WorldCraft\v4.2\Part 6\Chunk.cpp(420,17): warning C4244: 'initializing': conversion from 'double' to 'const int', possible loss of data
C:\Users\Gebruiker\Documents\GitHub\WorldCraft\v4.2\Part 6\Chunk.cpp(421,24): warning C4244: 'initializing': conversion from 'double' to 'int', possible loss of data
C:\Users\Gebruiker\Documents\GitHub\WorldCraft\v4.2\Part 6\Chunk.cpp(421,17): warning C4244: 'initializing': conversion from 'double' to 'const int', possible loss of data
C:\Users\Gebruiker\Documents\GitHub\WorldCraft\v4.2\Part 6\Chunk.cpp(422,23): warning C4244: 'initializing': conversion from 'double' to 'int', possible loss of data
C:\Users\Gebruiker\Documents\GitHub\WorldCraft\v4.2\Part 6\Chunk.cpp(422,17): warning C4244: 'initializing': conversion from 'double' to 'const int', possible loss of data
C:\Users\Gebruiker\Documents\GitHub\WorldCraft\v4.2\Part 6\Chunk.cpp(423,23): warning C4244: 'initializing': conversion from 'double' to 'int', possible loss of data
C:\Users\Gebruiker\Documents\GitHub\WorldCraft\v4.2\Part 6\Chunk.cpp(423,17): warning C4244: 'initializing': conversion from 'double' to 'const int', possible loss of data
C:\Users\Gebruiker\Documents\GitHub\WorldCraft\v4.2\Part 6\Chunk.cpp(424,23): warning C4244: 'initializing': conversion from 'double' to 'int', possible loss of data
C:\Users\Gebruiker\Documents\GitHub\WorldCraft\v4.2\Part 6\Chunk.cpp(424,17): warning C4244: 'initializing': conversion from 'double' to 'const int', possible loss of data
C:\Users\Gebruiker\Documents\GitHub\WorldCraft\v4.2\Part 6\Chunk.cpp(471,8): warning C4102: 'placed': unreferenced label
  cod.cpp
C:\Users\Gebruiker\Documents\GitHub\WorldCraft\v4.2\Part 6\Chunk.cpp(507,35): warning C4244: '=': conversion from 'fp' to 'BrightnessValue', possible loss of data
C:\Users\Gebruiker\Documents\GitHub\include\include\graphics.h(128,26): warning C4244: 'argument': conversion from 'cfp' to 'cbyte', possible loss of data
C:\Users\Gebruiker\Documents\GitHub\include\include\hsf.h(32,21): warning C4018: '<': signed/unsigned mismatch
C:\Users\Gebruiker\Documents\GitHub\include\include\function.h(54,21): warning C4018: '<': signed/unsigned mismatch
C:\Users\Gebruiker\Documents\GitHub\WorldCraft\v4.2\Part 6\WorldConstants.h(503,2): warning C4091: 'static ': ignored on left of 'world' when no variable is declared
C:\Users\Gebruiker\Documents\GitHub\WorldCraft\v4.2\Part 6\WorldConstants.h(372,7): warning C4101: 'total': unreferenced local variable
  game.cpp
C:\Users\Gebruiker\Documents\GitHub\WorldCraft\v4.2\Part 6\WorldConstants.h(280,8): warning C4101: 'power': unreferenced local variable
C:\Users\Gebruiker\Documents\GitHub\include\include\graphics.h(128,26): warning C4244: 'argument': conversion from 'cfp' to 'cbyte', possible loss of data
C:\Users\Gebruiker\Documents\GitHub\include\include\hsf.h(32,21): warning C4018: '<': signed/unsigned mismatch
C:\Users\Gebruiker\Documents\GitHub\include\include\function.h(54,21): warning C4018: '<': signed/unsigned mismatch
C:\Users\Gebruiker\Documents\GitHub\WorldCraft\v4.2\Part 6\WorldConstants.h(503,2): warning C4091: 'static ': ignored on left of 'world' when no variable is declared
C:\Users\Gebruiker\Documents\GitHub\WorldCraft\v4.2\Part 6\WorldConstants.h(372,7): warning C4101: 'total': unreferenced local variable
C:\Users\Gebruiker\Documents\GitHub\WorldCraft\v4.2\Part 6\WorldConstants.h(280,8): warning C4101: 'power': unreferenced local variable
C:\Users\Gebruiker\Documents\GitHub\WorldCraft\v4.2\Part 6\game.cpp(363,7): warning C4101: 'clientrect': unreferenced local variable
C:\Users\Gebruiker\Documents\GitHub\WorldCraft\v4.2\Part 6\game.cpp(409,13): warning C4244: '=': conversion from 'time_t' to 'int', possible loss of data
C:\Users\Gebruiker\Documents\GitHub\WorldCraft\v4.2\Part 6\game.cpp(678,14): warning C4244: 'initializing': conversion from 'double' to 'int', possible loss of data
C:\Users\Gebruiker\Documents\GitHub\WorldCraft\v4.2\Part 6\game.cpp(679,14): warning C4244: 'initializing': conversion from 'double' to 'int', possible loss of data
C:\Users\Gebruiker\Documents\GitHub\WorldCraft\v4.2\Part 6\game.cpp(974,23): warning C4018: '<': signed/unsigned mismatch
C:\Users\Gebruiker\Documents\GitHub\WorldCraft\v4.2\Part 6\game.cpp(1071,36): warning C4244: '=': conversion from 'seconds' to 'miliseconds', possible loss of data
C:\Users\Gebruiker\Documents\GitHub\WorldCraft\v4.2\Part 6\game.cpp(1228,51): warning C4244: 'argument': conversion from 'double' to 'int', possible loss of data
C:\Users\Gebruiker\Documents\GitHub\WorldCraft\v4.2\Part 6\game.cpp(1228,37): warning C4244: 'argument': conversion from 'double' to 'int', possible loss of data
C:\Users\Gebruiker\Documents\GitHub\WorldCraft\v4.2\Part 6\game.cpp(1228,23): warning C4244: 'argument': conversion from 'double' to 'int', possible loss of data
C:\Users\Gebruiker\Documents\GitHub\WorldCraft\v4.2\Part 6\game.cpp(1337,30): warning C4018: '<': signed/unsigned mismatch
C:\Users\Gebruiker\Documents\GitHub\WorldCraft\v4.2\Part 6\game.cpp(1410,44): warning C4244: 'argument': conversion from 'double' to 'int', possible loss of data
C:\Users\Gebruiker\Documents\GitHub\WorldCraft\v4.2\Part 6\game.cpp(1410,30): warning C4244: 'argument': conversion from 'double' to 'int', possible loss of data
C:\Users\Gebruiker\Documents\GitHub\WorldCraft\v4.2\Part 6\game.cpp(1410,16): warning C4244: 'argument': conversion from 'double' to 'int', possible loss of data
  human.cpp
C:\Users\Gebruiker\Documents\GitHub\WorldCraft\v4.2\Part 6\game.cpp(1670,16): warning C4018: '<': signed/unsigned mismatch
C:\Users\Gebruiker\Documents\GitHub\include\include\graphics.h(128,26): warning C4244: 'argument': conversion from 'cfp' to 'cbyte', possible loss of data
C:\Users\Gebruiker\Documents\GitHub\include\include\hsf.h(32,21): warning C4018: '<': signed/unsigned mismatch
C:\Users\Gebruiker\Documents\GitHub\include\include\function.h(54,21): warning C4018: '<': signed/unsigned mismatch
C:\Users\Gebruiker\Documents\GitHub\WorldCraft\v4.2\Part 6\WorldConstants.h(503,2): warning C4091: 'static ': ignored on left of 'world' when no variable is declared
C:\Users\Gebruiker\Documents\GitHub\WorldCraft\v4.2\Part 6\WorldConstants.h(372,7): warning C4101: 'total': unreferenced local variable
  mob.cpp
C:\Users\Gebruiker\Documents\GitHub\WorldCraft\v4.2\Part 6\WorldConstants.h(280,8): warning C4101: 'power': unreferenced local variable
C:\Users\Gebruiker\Documents\GitHub\include\include\graphics.h(128,26): warning C4244: 'argument': conversion from 'cfp' to 'cbyte', possible loss of data
C:\Users\Gebruiker\Documents\GitHub\include\include\hsf.h(32,21): warning C4018: '<': signed/unsigned mismatch
C:\Users\Gebruiker\Documents\GitHub\include\include\function.h(54,21): warning C4018: '<': signed/unsigned mismatch
C:\Users\Gebruiker\Documents\GitHub\WorldCraft\v4.2\Part 6\WorldConstants.h(503,2): warning C4091: 'static ': ignored on left of 'world' when no variable is declared
C:\Users\Gebruiker\Documents\GitHub\WorldCraft\v4.2\Part 6\WorldConstants.h(372,7): warning C4101: 'total': unreferenced local variable
C:\Users\Gebruiker\Documents\GitHub\WorldCraft\v4.2\Part 6\WorldConstants.h(280,8): warning C4101: 'power': unreferenced local variable
C:\Users\Gebruiker\Documents\GitHub\WorldCraft\v4.2\Part 6\mob.cpp(107,18): warning C4244: 'initializing': conversion from 'double' to 'int', possible loss of data
C:\Users\Gebruiker\Documents\GitHub\WorldCraft\v4.2\Part 6\mob.cpp(122,98): warning C4244: 'argument': conversion from 'double' to 'int', possible loss of data
C:\Users\Gebruiker\Documents\GitHub\WorldCraft\v4.2\Part 6\mob.cpp(122,79): warning C4244: 'argument': conversion from 'double' to 'int', possible loss of data
  modfunctions.cpp
C:\Users\Gebruiker\Documents\GitHub\WorldCraft\v4.2\Part 6\mob.cpp(122,60): warning C4244: 'argument': conversion from 'double' to 'int', possible loss of data
C:\Users\Gebruiker\Documents\GitHub\include\include\graphics.h(128,26): warning C4244: 'argument': conversion from 'cfp' to 'cbyte', possible loss of data
C:\Users\Gebruiker\Documents\GitHub\include\include\hsf.h(32,21): warning C4018: '<': signed/unsigned mismatch
C:\Users\Gebruiker\Documents\GitHub\include\include\function.h(54,21): warning C4018: '<': signed/unsigned mismatch
C:\Users\Gebruiker\Documents\GitHub\WorldCraft\v4.2\Part 6\WorldConstants.h(503,2): warning C4091: 'static ': ignored on left of 'world' when no variable is declared
C:\Users\Gebruiker\Documents\GitHub\WorldCraft\v4.2\Part 6\WorldConstants.h(372,7): warning C4101: 'total': unreferenced local variable
  parrot.cpp
C:\Users\Gebruiker\Documents\GitHub\WorldCraft\v4.2\Part 6\WorldConstants.h(280,8): warning C4101: 'power': unreferenced local variable
C:\Users\Gebruiker\Documents\GitHub\include\include\graphics.h(128,26): warning C4244: 'argument': conversion from 'cfp' to 'cbyte', possible loss of data
C:\Users\Gebruiker\Documents\GitHub\include\include\hsf.h(32,21): warning C4018: '<': signed/unsigned mismatch
C:\Users\Gebruiker\Documents\GitHub\include\include\function.h(54,21): warning C4018: '<': signed/unsigned mismatch
C:\Users\Gebruiker\Documents\GitHub\WorldCraft\v4.2\Part 6\WorldConstants.h(503,2): warning C4091: 'static ': ignored on left of 'world' when no variable is declared
C:\Users\Gebruiker\Documents\GitHub\WorldCraft\v4.2\Part 6\WorldConstants.h(372,7): warning C4101: 'total': unreferenced local variable
  pig.cpp
C:\Users\Gebruiker\Documents\GitHub\WorldCraft\v4.2\Part 6\WorldConstants.h(280,8): warning C4101: 'power': unreferenced local variable
C:\Users\Gebruiker\Documents\GitHub\include\include\graphics.h(128,26): warning C4244: 'argument': conversion from 'cfp' to 'cbyte', possible loss of data
C:\Users\Gebruiker\Documents\GitHub\include\include\hsf.h(32,21): warning C4018: '<': signed/unsigned mismatch
C:\Users\Gebruiker\Documents\GitHub\include\include\function.h(54,21): warning C4018: '<': signed/unsigned mismatch
C:\Users\Gebruiker\Documents\GitHub\WorldCraft\v4.2\Part 6\WorldConstants.h(503,2): warning C4091: 'static ': ignored on left of 'world' when no variable is declared
C:\Users\Gebruiker\Documents\GitHub\WorldCraft\v4.2\Part 6\WorldConstants.h(372,7): warning C4101: 'total': unreferenced local variable
C:\Users\Gebruiker\Documents\GitHub\WorldCraft\v4.2\Part 6\WorldConstants.h(280,8): warning C4101: 'power': unreferenced local variable
  Generating code
  2 of 2547 functions (<0.1%) were compiled, the rest were copied from previous compilation.
    0 functions were new in current compilation
    9 functions had inline decision re-evaluated but remain unchanged
  Finished generating code
  Part 6.vcxproj -> C:\Users\Gebruiker\Documents\GitHub\WorldCraft\v4.2\Release\Project.exe
