c:\users\gebruiker\documents\github\worldcraft\v4.2\part 6\debug\vc142.pdb
c:\users\gebruiker\documents\github\worldcraft\v4.2\part 6\debug\vc142.idb
c:\users\gebruiker\documents\github\worldcraft\v4.2\part 6\debug\main.obj
c:\users\gebruiker\documents\github\worldcraft\v4.2\part 6\debug\lightmap.obj
c:\users\gebruiker\documents\github\worldcraft\v4.2\part 6\debug\bodypart.obj
c:\users\gebruiker\documents\github\worldcraft\v4.2\part 6\debug\pig.obj
c:\users\gebruiker\documents\github\worldcraft\v4.2\part 6\debug\parrot.obj
c:\users\gebruiker\documents\github\worldcraft\v4.2\part 6\debug\modfunctions.obj
c:\users\gebruiker\documents\github\worldcraft\v4.2\part 6\debug\mob.obj
c:\users\gebruiker\documents\github\worldcraft\v4.2\part 6\debug\human.obj
c:\users\gebruiker\documents\github\worldcraft\v4.2\part 6\debug\game.obj
c:\users\gebruiker\documents\github\worldcraft\v4.2\part 6\debug\cod.obj
c:\users\gebruiker\documents\github\worldcraft\v4.2\part 6\debug\chunk.obj
c:\users\gebruiker\documents\github\worldcraft\v4.2\part 6\debug\actioncontainer.obj
c:\users\gebruiker\documents\github\worldcraft\v4.2\debug\project.exe
c:\users\gebruiker\documents\github\worldcraft\v4.2\debug\project.ilk
c:\users\gebruiker\documents\github\worldcraft\v4.2\debug\project.pdb
c:\users\gebruiker\documents\github\worldcraft\v4.2\part 6\debug\part 6.res
c:\users\gebruiker\documents\github\worldcraft\v4.2\part 6\debug\project.tlog\cl.command.1.tlog
c:\users\gebruiker\documents\github\worldcraft\v4.2\part 6\debug\project.tlog\cl.read.1.tlog
c:\users\gebruiker\documents\github\worldcraft\v4.2\part 6\debug\project.tlog\cl.write.1.tlog
c:\users\gebruiker\documents\github\worldcraft\v4.2\part 6\debug\project.tlog\link.command.1.tlog
c:\users\gebruiker\documents\github\worldcraft\v4.2\part 6\debug\project.tlog\link.read.1.tlog
c:\users\gebruiker\documents\github\worldcraft\v4.2\part 6\debug\project.tlog\link.write.1.tlog
c:\users\gebruiker\documents\github\worldcraft\v4.2\part 6\debug\project.tlog\rc.command.1.tlog
c:\users\gebruiker\documents\github\worldcraft\v4.2\part 6\debug\project.tlog\rc.read.1.tlog
c:\users\gebruiker\documents\github\worldcraft\v4.2\part 6\debug\project.tlog\rc.write.1.tlog
