  ActionContainer.cpp
C:\Users\Gebruiker\Documents\GitHub\include\include\GlobalFunctions.h(136,20): warning C4018:  '<': signed/unsigned mismatch
  Chunk.cpp
C:\Users\Gebruiker\Documents\GitHub\include\include\GlobalFunctions.h(144,40): warning C4244:  'argument': conversion from 'const letter' to 'const _Elem', possible loss of data
C:\Users\Gebruiker\Documents\GitHub\include\include\GlobalFunctions.h(144,40): warning C4244:         with
C:\Users\Gebruiker\Documents\GitHub\include\include\GlobalFunctions.h(144,40): warning C4244:         [
C:\Users\Gebruiker\Documents\GitHub\include\include\GlobalFunctions.h(144,40): warning C4244:             _Elem=char
C:\Users\Gebruiker\Documents\GitHub\include\include\GlobalFunctions.h(144,40): warning C4244:         ]
C:\Users\Gebruiker\Documents\GitHub\include\include\GlobalFunctions.h(136,20): warning C4018:  '<': signed/unsigned mismatch
C:\Users\Gebruiker\Documents\GitHub\include\include\GlobalFunctions.h(144,40): warning C4244:  'argument': conversion from 'const letter' to 'const _Elem', possible loss of data
C:\Users\Gebruiker\Documents\GitHub\include\include\GlobalFunctions.h(144,40): warning C4244:         with
C:\Users\Gebruiker\Documents\GitHub\include\include\GlobalFunctions.h(144,40): warning C4244:         [
C:\Users\Gebruiker\Documents\GitHub\include\include\GlobalFunctions.h(144,40): warning C4244:             _Elem=char
C:\Users\Gebruiker\Documents\GitHub\include\include\GlobalFunctions.h(144,40): warning C4244:         ]
C:\Users\Gebruiker\Documents\GitHub\WorldCraft\v4.1\Part 6\Chunk.cpp(136,15): warning C4244:  'initializing': conversion from 'fp' to 'int', possible loss of data
C:\Users\Gebruiker\Documents\GitHub\WorldCraft\v4.1\Part 6\Chunk.cpp(531,6): warning C4101:  'ChunkIndex': unreferenced local variable
C:\Users\Gebruiker\Documents\GitHub\WorldCraft\v4.1\Part 6\Chunk.cpp(569,24): warning C4244:  'initializing': conversion from 'double' to 'int', possible loss of data
C:\Users\Gebruiker\Documents\GitHub\WorldCraft\v4.1\Part 6\Chunk.cpp(569,17): warning C4244:  'initializing': conversion from 'double' to 'const int', possible loss of data
C:\Users\Gebruiker\Documents\GitHub\WorldCraft\v4.1\Part 6\Chunk.cpp(570,24): warning C4244:  'initializing': conversion from 'double' to 'int', possible loss of data
C:\Users\Gebruiker\Documents\GitHub\WorldCraft\v4.1\Part 6\Chunk.cpp(570,17): warning C4244:  'initializing': conversion from 'double' to 'const int', possible loss of data
C:\Users\Gebruiker\Documents\GitHub\WorldCraft\v4.1\Part 6\Chunk.cpp(571,24): warning C4244:  'initializing': conversion from 'double' to 'int', possible loss of data
C:\Users\Gebruiker\Documents\GitHub\WorldCraft\v4.1\Part 6\Chunk.cpp(571,17): warning C4244:  'initializing': conversion from 'double' to 'const int', possible loss of data
C:\Users\Gebruiker\Documents\GitHub\WorldCraft\v4.1\Part 6\Chunk.cpp(572,23): warning C4244:  'initializing': conversion from 'double' to 'int', possible loss of data
C:\Users\Gebruiker\Documents\GitHub\WorldCraft\v4.1\Part 6\Chunk.cpp(572,17): warning C4244:  'initializing': conversion from 'double' to 'const int', possible loss of data
C:\Users\Gebruiker\Documents\GitHub\WorldCraft\v4.1\Part 6\Chunk.cpp(573,23): warning C4244:  'initializing': conversion from 'double' to 'int', possible loss of data
C:\Users\Gebruiker\Documents\GitHub\WorldCraft\v4.1\Part 6\Chunk.cpp(573,17): warning C4244:  'initializing': conversion from 'double' to 'const int', possible loss of data
C:\Users\Gebruiker\Documents\GitHub\WorldCraft\v4.1\Part 6\Chunk.cpp(574,23): warning C4244:  'initializing': conversion from 'double' to 'int', possible loss of data
C:\Users\Gebruiker\Documents\GitHub\WorldCraft\v4.1\Part 6\Chunk.cpp(574,17): warning C4244:  'initializing': conversion from 'double' to 'const int', possible loss of data
C:\Users\Gebruiker\Documents\GitHub\WorldCraft\v4.1\Part 6\Chunk.cpp(621,8): warning C4102:  'placed': unreferenced label
  Lightmap.cpp
C:\Users\Gebruiker\Documents\GitHub\WorldCraft\v4.1\Part 6\Chunk.cpp(658,35): warning C4244:  '=': conversion from 'fp' to 'BrightnessValue', possible loss of data
C:\Users\Gebruiker\Documents\GitHub\include\include\GlobalFunctions.h(136,20): warning C4018:  '<': signed/unsigned mismatch
  biomeeditor.cpp
C:\Users\Gebruiker\Documents\GitHub\include\include\GlobalFunctions.h(144,40): warning C4244:  'argument': conversion from 'const letter' to 'const _Elem', possible loss of data
C:\Users\Gebruiker\Documents\GitHub\include\include\GlobalFunctions.h(144,40): warning C4244:         with
C:\Users\Gebruiker\Documents\GitHub\include\include\GlobalFunctions.h(144,40): warning C4244:         [
C:\Users\Gebruiker\Documents\GitHub\include\include\GlobalFunctions.h(144,40): warning C4244:             _Elem=char
C:\Users\Gebruiker\Documents\GitHub\include\include\GlobalFunctions.h(144,40): warning C4244:         ]
C:\Users\Gebruiker\Documents\GitHub\include\include\GlobalFunctions.h(136,20): warning C4018:  '<': signed/unsigned mismatch
C:\Users\Gebruiker\Documents\GitHub\include\include\GlobalFunctions.h(144,40): warning C4244:  'argument': conversion from 'const letter' to 'const _Elem', possible loss of data
C:\Users\Gebruiker\Documents\GitHub\include\include\GlobalFunctions.h(144,40): warning C4244:         with
C:\Users\Gebruiker\Documents\GitHub\include\include\GlobalFunctions.h(144,40): warning C4244:         [
C:\Users\Gebruiker\Documents\GitHub\include\include\GlobalFunctions.h(144,40): warning C4244:             _Elem=char
C:\Users\Gebruiker\Documents\GitHub\include\include\GlobalFunctions.h(144,40): warning C4244:         ]
  bodypart.cpp
C:\Users\Gebruiker\Documents\GitHub\include\include\hsf.h(24,21): warning C4018:  '<': signed/unsigned mismatch
C:\Users\Gebruiker\Documents\GitHub\include\include\GlobalFunctions.h(136,20): warning C4018:  '<': signed/unsigned mismatch
C:\Users\Gebruiker\Documents\GitHub\include\include\GlobalFunctions.h(144,40): warning C4244:  'argument': conversion from 'const letter' to 'const _Elem', possible loss of data
C:\Users\Gebruiker\Documents\GitHub\include\include\GlobalFunctions.h(144,40): warning C4244:         with
C:\Users\Gebruiker\Documents\GitHub\include\include\GlobalFunctions.h(144,40): warning C4244:         [
C:\Users\Gebruiker\Documents\GitHub\include\include\GlobalFunctions.h(144,40): warning C4244:             _Elem=char
C:\Users\Gebruiker\Documents\GitHub\include\include\GlobalFunctions.h(144,40): warning C4244:         ]
  cod.cpp
C:\Users\Gebruiker\Documents\GitHub\include\include\hsf.h(24,21): warning C4018:  '<': signed/unsigned mismatch
C:\Users\Gebruiker\Documents\GitHub\include\include\GlobalFunctions.h(136,20): warning C4018:  '<': signed/unsigned mismatch
C:\Users\Gebruiker\Documents\GitHub\include\include\GlobalFunctions.h(144,40): warning C4244:  'argument': conversion from 'const letter' to 'const _Elem', possible loss of data
C:\Users\Gebruiker\Documents\GitHub\include\include\GlobalFunctions.h(144,40): warning C4244:         with
C:\Users\Gebruiker\Documents\GitHub\include\include\GlobalFunctions.h(144,40): warning C4244:         [
C:\Users\Gebruiker\Documents\GitHub\include\include\GlobalFunctions.h(144,40): warning C4244:             _Elem=char
C:\Users\Gebruiker\Documents\GitHub\include\include\GlobalFunctions.h(144,40): warning C4244:         ]
  game.cpp
C:\Users\Gebruiker\Documents\GitHub\include\include\hsf.h(24,21): warning C4018:  '<': signed/unsigned mismatch
C:\Users\Gebruiker\Documents\GitHub\include\include\GlobalFunctions.h(136,20): warning C4018:  '<': signed/unsigned mismatch
C:\Users\Gebruiker\Documents\GitHub\include\include\GlobalFunctions.h(144,40): warning C4244:  'argument': conversion from 'const letter' to 'const _Elem', possible loss of data
C:\Users\Gebruiker\Documents\GitHub\include\include\GlobalFunctions.h(144,40): warning C4244:         with
C:\Users\Gebruiker\Documents\GitHub\include\include\GlobalFunctions.h(144,40): warning C4244:         [
C:\Users\Gebruiker\Documents\GitHub\include\include\GlobalFunctions.h(144,40): warning C4244:             _Elem=char
C:\Users\Gebruiker\Documents\GitHub\include\include\GlobalFunctions.h(144,40): warning C4244:         ]
C:\Users\Gebruiker\Documents\GitHub\include\include\hsf.h(24,21): warning C4018:  '<': signed/unsigned mismatch
C:\Users\Gebruiker\Documents\GitHub\WorldCraft\v4.1\Part 6\game.cpp(402,13): warning C4244:  '=': conversion from 'time_t' to 'int', possible loss of data
C:\Users\Gebruiker\Documents\GitHub\WorldCraft\v4.1\Part 6\game.cpp(650,14): warning C4244:  'initializing': conversion from 'double' to 'int', possible loss of data
C:\Users\Gebruiker\Documents\GitHub\WorldCraft\v4.1\Part 6\game.cpp(651,14): warning C4244:  'initializing': conversion from 'double' to 'int', possible loss of data
C:\Users\Gebruiker\Documents\GitHub\WorldCraft\v4.1\Part 6\game.cpp(1020,36): warning C4244:  '=': conversion from 'seconds' to 'miliseconds', possible loss of data
C:\Users\Gebruiker\Documents\GitHub\WorldCraft\v4.1\Part 6\game.cpp(1152,51): warning C4244:  'argument': conversion from 'double' to 'int', possible loss of data
C:\Users\Gebruiker\Documents\GitHub\WorldCraft\v4.1\Part 6\game.cpp(1152,37): warning C4244:  'argument': conversion from 'double' to 'int', possible loss of data
C:\Users\Gebruiker\Documents\GitHub\WorldCraft\v4.1\Part 6\game.cpp(1152,23): warning C4244:  'argument': conversion from 'double' to 'int', possible loss of data
C:\Users\Gebruiker\Documents\GitHub\WorldCraft\v4.1\Part 6\game.cpp(1260,30): warning C4018:  '<': signed/unsigned mismatch
C:\Users\Gebruiker\Documents\GitHub\WorldCraft\v4.1\Part 6\game.cpp(1331,44): warning C4244:  'argument': conversion from 'double' to 'int', possible loss of data
C:\Users\Gebruiker\Documents\GitHub\WorldCraft\v4.1\Part 6\game.cpp(1331,30): warning C4244:  'argument': conversion from 'double' to 'int', possible loss of data
C:\Users\Gebruiker\Documents\GitHub\WorldCraft\v4.1\Part 6\game.cpp(1331,16): warning C4244:  'argument': conversion from 'double' to 'int', possible loss of data
  human.cpp
C:\Users\Gebruiker\Documents\GitHub\WorldCraft\v4.1\Part 6\game.cpp(1659,16): warning C4018:  '<': signed/unsigned mismatch
C:\Users\Gebruiker\Documents\GitHub\include\include\GlobalFunctions.h(136,20): warning C4018:  '<': signed/unsigned mismatch
C:\Users\Gebruiker\Documents\GitHub\include\include\GlobalFunctions.h(144,40): warning C4244:  'argument': conversion from 'const letter' to 'const _Elem', possible loss of data
C:\Users\Gebruiker\Documents\GitHub\include\include\GlobalFunctions.h(144,40): warning C4244:         with
C:\Users\Gebruiker\Documents\GitHub\include\include\GlobalFunctions.h(144,40): warning C4244:         [
C:\Users\Gebruiker\Documents\GitHub\include\include\GlobalFunctions.h(144,40): warning C4244:             _Elem=char
C:\Users\Gebruiker\Documents\GitHub\include\include\GlobalFunctions.h(144,40): warning C4244:         ]
  mob.cpp
C:\Users\Gebruiker\Documents\GitHub\include\include\hsf.h(24,21): warning C4018:  '<': signed/unsigned mismatch
C:\Users\Gebruiker\Documents\GitHub\include\include\GlobalFunctions.h(136,20): warning C4018:  '<': signed/unsigned mismatch
C:\Users\Gebruiker\Documents\GitHub\include\include\GlobalFunctions.h(144,40): warning C4244:  'argument': conversion from 'const letter' to 'const _Elem', possible loss of data
C:\Users\Gebruiker\Documents\GitHub\include\include\GlobalFunctions.h(144,40): warning C4244:         with
C:\Users\Gebruiker\Documents\GitHub\include\include\GlobalFunctions.h(144,40): warning C4244:         [
C:\Users\Gebruiker\Documents\GitHub\include\include\GlobalFunctions.h(144,40): warning C4244:             _Elem=char
C:\Users\Gebruiker\Documents\GitHub\include\include\GlobalFunctions.h(144,40): warning C4244:         ]
C:\Users\Gebruiker\Documents\GitHub\include\include\hsf.h(24,21): warning C4018:  '<': signed/unsigned mismatch
C:\Users\Gebruiker\Documents\GitHub\WorldCraft\v4.1\Part 6\mob.cpp(23,12): warning C4244:  'initializing': conversion from 'double' to 'int', possible loss of data
C:\Users\Gebruiker\Documents\GitHub\WorldCraft\v4.1\Part 6\mob.cpp(24,10): warning C4244:  'initializing': conversion from 'double' to 'int', possible loss of data
C:\Users\Gebruiker\Documents\GitHub\WorldCraft\v4.1\Part 6\mob.cpp(72,18): warning C4244:  'initializing': conversion from 'double' to 'int', possible loss of data
C:\Users\Gebruiker\Documents\GitHub\WorldCraft\v4.1\Part 6\mob.cpp(76,98): warning C4244:  'argument': conversion from 'double' to 'int', possible loss of data
C:\Users\Gebruiker\Documents\GitHub\WorldCraft\v4.1\Part 6\mob.cpp(76,79): warning C4244:  'argument': conversion from 'double' to 'int', possible loss of data
C:\Users\Gebruiker\Documents\GitHub\WorldCraft\v4.1\Part 6\mob.cpp(76,60): warning C4244:  'argument': conversion from 'double' to 'int', possible loss of data
  parrot.cpp
C:\Users\Gebruiker\Documents\GitHub\WorldCraft\v4.1\Part 6\mob.cpp(122,19): warning C4244:  'initializing': conversion from 'double' to 'int', possible loss of data
C:\Users\Gebruiker\Documents\GitHub\include\include\GlobalFunctions.h(136,20): warning C4018:  '<': signed/unsigned mismatch
C:\Users\Gebruiker\Documents\GitHub\include\include\GlobalFunctions.h(144,40): warning C4244:  'argument': conversion from 'const letter' to 'const _Elem', possible loss of data
C:\Users\Gebruiker\Documents\GitHub\include\include\GlobalFunctions.h(144,40): warning C4244:         with
C:\Users\Gebruiker\Documents\GitHub\include\include\GlobalFunctions.h(144,40): warning C4244:         [
C:\Users\Gebruiker\Documents\GitHub\include\include\GlobalFunctions.h(144,40): warning C4244:             _Elem=char
C:\Users\Gebruiker\Documents\GitHub\include\include\GlobalFunctions.h(144,40): warning C4244:         ]
  pig.cpp
C:\Users\Gebruiker\Documents\GitHub\include\include\hsf.h(24,21): warning C4018:  '<': signed/unsigned mismatch
C:\Users\Gebruiker\Documents\GitHub\include\include\GlobalFunctions.h(136,20): warning C4018:  '<': signed/unsigned mismatch
C:\Users\Gebruiker\Documents\GitHub\include\include\GlobalFunctions.h(144,40): warning C4244:  'argument': conversion from 'const letter' to 'const _Elem', possible loss of data
C:\Users\Gebruiker\Documents\GitHub\include\include\GlobalFunctions.h(144,40): warning C4244:         with
C:\Users\Gebruiker\Documents\GitHub\include\include\GlobalFunctions.h(144,40): warning C4244:         [
C:\Users\Gebruiker\Documents\GitHub\include\include\GlobalFunctions.h(144,40): warning C4244:             _Elem=char
C:\Users\Gebruiker\Documents\GitHub\include\include\GlobalFunctions.h(144,40): warning C4244:         ]
C:\Users\Gebruiker\Documents\GitHub\include\include\hsf.h(24,21): warning C4018:  '<': signed/unsigned mismatch
  Generating code
  267 of 1611 functions (16.6%) were compiled, the rest were copied from previous compilation.
    0 functions were new in current compilation
    5 functions had inline decision re-evaluated but remain unchanged
  Finished generating code
  Part 6.vcxproj -> C:\Users\Gebruiker\Documents\GitHub\WorldCraft\v4.1\Release\Project.exe
