c:\users\gebruiker\documents\github\worldcraft\part 1\part 6\release\vc142.pdb
c:\users\gebruiker\documents\github\worldcraft\part 1\part 6\release\vec3.obj
c:\users\gebruiker\documents\github\worldcraft\part 1\part 6\release\vec2.obj
c:\users\gebruiker\documents\github\worldcraft\part 1\part 6\release\texture.obj
c:\users\gebruiker\documents\github\worldcraft\part 1\part 6\release\simplexnoise.obj
c:\users\gebruiker\documents\github\worldcraft\part 1\part 6\release\math.obj
c:\users\gebruiker\documents\github\worldcraft\part 1\part 6\release\mat4x4.obj
c:\users\gebruiker\documents\github\worldcraft\part 1\part 6\release\mat3x3.obj
c:\users\gebruiker\documents\github\worldcraft\part 1\part 6\release\main.obj
c:\users\gebruiker\documents\github\worldcraft\part 1\part 6\release\lightmap.obj
c:\users\gebruiker\documents\github\worldcraft\part 1\part 6\release\layernoisesimplex.obj
c:\users\gebruiker\documents\github\worldcraft\part 1\part 6\release\image.obj
c:\users\gebruiker\documents\github\worldcraft\part 1\part 6\release\graphics.obj
c:\users\gebruiker\documents\github\worldcraft\part 1\part 6\release\globalfunctions.obj
c:\users\gebruiker\documents\github\worldcraft\part 1\part 6\release\functions.obj
c:\users\gebruiker\documents\github\worldcraft\part 1\part 6\release\frustum.obj
c:\users\gebruiker\documents\github\worldcraft\part 1\part 6\release\control.obj
c:\users\gebruiker\documents\github\worldcraft\part 1\part 6\release\chunk.obj
c:\users\gebruiker\documents\github\worldcraft\part 1\part 6\release\actioncontainer.obj
c:\users\gebruiker\documents\github\worldcraft\part 1\part 6\release\uielement.obj
c:\users\gebruiker\documents\github\worldcraft\part 1\part 6\release\textbox.obj
c:\users\gebruiker\documents\github\worldcraft\part 1\part 6\release\font.obj
c:\users\gebruiker\documents\github\worldcraft\part 1\part 6\release\picturebox.obj
c:\users\gebruiker\documents\github\worldcraft\part 1\part 6\release\bodypart.obj
c:\users\gebruiker\documents\github\worldcraft\part 1\release\project.exe
c:\users\gebruiker\documents\github\worldcraft\part 1\release\project.pdb
c:\users\gebruiker\documents\github\worldcraft\part 1\release\project.ipdb
c:\users\gebruiker\documents\github\worldcraft\part 1\release\project.iobj
c:\users\gebruiker\documents\github\worldcraft\part 1\part 6\release\part 6.res
c:\users\gebruiker\documents\github\worldcraft\part 1\part 6\release\nativecodeanalysis.read.1.tlog
c:\users\gebruiker\documents\github\worldcraft\part 1\part 6\release\actioncontainer.nativecodeanalysis.xml
c:\users\gebruiker\documents\github\worldcraft\part 1\part 6\release\chunk.nativecodeanalysis.xml
c:\users\gebruiker\documents\github\worldcraft\part 1\part 6\release\control.nativecodeanalysis.xml
c:\users\gebruiker\documents\github\worldcraft\part 1\part 6\release\frustum.nativecodeanalysis.xml
c:\users\gebruiker\documents\github\worldcraft\part 1\part 6\release\functions.nativecodeanalysis.xml
c:\users\gebruiker\documents\github\worldcraft\part 1\part 6\release\globalfunctions.nativecodeanalysis.xml
c:\users\gebruiker\documents\github\worldcraft\part 1\part 6\release\graphics.nativecodeanalysis.xml
c:\users\gebruiker\documents\github\worldcraft\part 1\part 6\release\image.nativecodeanalysis.xml
c:\users\gebruiker\documents\github\worldcraft\part 1\part 6\release\layernoisesimplex.nativecodeanalysis.xml
c:\users\gebruiker\documents\github\worldcraft\part 1\part 6\release\lightmap.nativecodeanalysis.xml
c:\users\gebruiker\documents\github\worldcraft\part 1\part 6\release\main.nativecodeanalysis.xml
c:\users\gebruiker\documents\github\worldcraft\part 1\part 6\release\mat3x3.nativecodeanalysis.xml
c:\users\gebruiker\documents\github\worldcraft\part 1\part 6\release\mat4x4.nativecodeanalysis.xml
c:\users\gebruiker\documents\github\worldcraft\part 1\part 6\release\math.nativecodeanalysis.xml
c:\users\gebruiker\documents\github\worldcraft\part 1\part 6\release\simplexnoise.nativecodeanalysis.xml
c:\users\gebruiker\documents\github\worldcraft\part 1\part 6\release\texture.nativecodeanalysis.xml
c:\users\gebruiker\documents\github\worldcraft\part 1\part 6\release\vc.nativecodeanalysis.all.xml
c:\users\gebruiker\documents\github\worldcraft\part 1\part 6\release\vec2.nativecodeanalysis.xml
c:\users\gebruiker\documents\github\worldcraft\part 1\part 6\release\vec3.nativecodeanalysis.xml
c:\users\gebruiker\documents\github\worldcraft\part 1\part 6\release\project.tlog\cl.command.1.tlog
c:\users\gebruiker\documents\github\worldcraft\part 1\part 6\release\project.tlog\cl.read.1.tlog
c:\users\gebruiker\documents\github\worldcraft\part 1\part 6\release\project.tlog\cl.write.1.tlog
c:\users\gebruiker\documents\github\worldcraft\part 1\part 6\release\project.tlog\link.command.1.tlog
c:\users\gebruiker\documents\github\worldcraft\part 1\part 6\release\project.tlog\link.delete.1.tlog
c:\users\gebruiker\documents\github\worldcraft\part 1\part 6\release\project.tlog\link.read.1.tlog
c:\users\gebruiker\documents\github\worldcraft\part 1\part 6\release\project.tlog\link.write.1.tlog
c:\users\gebruiker\documents\github\worldcraft\part 1\part 6\release\project.tlog\project.write.1u.tlog
c:\users\gebruiker\documents\github\worldcraft\part 1\part 6\release\project.tlog\rc.command.1.tlog
c:\users\gebruiker\documents\github\worldcraft\part 1\part 6\release\project.tlog\rc.read.1.tlog
c:\users\gebruiker\documents\github\worldcraft\part 1\part 6\release\project.tlog\rc.write.1.tlog
